<?xml version="1.0" encoding="UTF-8"?>
<!-- Generated by org.testng.reporters.JUnitReportReporter -->
<testsuite hostname="DESKTOP-42ESNCU" failures="0" tests="1" name="restPrograms.TestResponse" time="0.998" errors="0" timestamp="2024-07-01T10:43:17 IST" skipped="0">
  <testcase classname="restPrograms.TestResponse" name="GetBookDetails" time="0.998"/>
</testsuite> <!-- restPrograms.TestResponse -->
